0 info it worked if it ends with ok
1 verbose cli [ '/home/mh/local/bin/node',
1 verbose cli   '/home/mh/local/bin/npm',
1 verbose cli   'install',
1 verbose cli   'laravel-elixir-webpack-official',
1 verbose cli   '--save-dev' ]
2 info using npm@1.3.21
3 info using node@v0.10.24
4 verbose readDependencies using package.json deps
5 verbose cache add [ 'laravel-elixir-webpack-official', null ]
6 verbose cache add name=undefined spec="laravel-elixir-webpack-official" args=["laravel-elixir-webpack-official",null]
7 verbose parsed url { protocol: null,
7 verbose parsed url   slashes: null,
7 verbose parsed url   auth: null,
7 verbose parsed url   host: null,
7 verbose parsed url   port: null,
7 verbose parsed url   hostname: null,
7 verbose parsed url   hash: null,
7 verbose parsed url   search: null,
7 verbose parsed url   query: null,
7 verbose parsed url   pathname: 'laravel-elixir-webpack-official',
7 verbose parsed url   path: 'laravel-elixir-webpack-official',
7 verbose parsed url   href: 'laravel-elixir-webpack-official' }
8 silly lockFile 5c0788a4-laravel-elixir-webpack-official laravel-elixir-webpack-official
9 verbose lock laravel-elixir-webpack-official /home/mh/.npm/5c0788a4-laravel-elixir-webpack-official.lock
10 silly lockFile 5c0788a4-laravel-elixir-webpack-official laravel-elixir-webpack-official
11 silly lockFile 5c0788a4-laravel-elixir-webpack-official laravel-elixir-webpack-official
12 verbose addNamed [ 'laravel-elixir-webpack-official', '' ]
13 verbose addNamed [ null, '*' ]
14 silly lockFile 503608c8-laravel-elixir-webpack-official laravel-elixir-webpack-official@
15 verbose lock laravel-elixir-webpack-official@ /home/mh/.npm/503608c8-laravel-elixir-webpack-official.lock
16 silly addNameRange { name: 'laravel-elixir-webpack-official',
16 silly addNameRange   range: '*',
16 silly addNameRange   hasData: false }
17 verbose url raw laravel-elixir-webpack-official
18 verbose url resolving [ 'https://registry.npmjs.org/',
18 verbose url resolving   './laravel-elixir-webpack-official' ]
19 verbose url resolved https://registry.npmjs.org/laravel-elixir-webpack-official
20 info trying registry request attempt 1 at 12:49:54
21 verbose etag "5810a219-3e52"
22 http GET https://registry.npmjs.org/laravel-elixir-webpack-official
23 http 304 https://registry.npmjs.org/laravel-elixir-webpack-official
24 silly registry.get cb [ 304,
24 silly registry.get   { date: 'Wed, 16 Nov 2016 11:49:54 GMT',
24 silly registry.get     via: '1.1 varnish',
24 silly registry.get     'cache-control': 'max-age=300',
24 silly registry.get     etag: '"5810a219-3e52"',
24 silly registry.get     age: '198',
24 silly registry.get     connection: 'keep-alive',
24 silly registry.get     'x-served-by': 'cache-fra1231-FRA',
24 silly registry.get     'x-cache': 'HIT',
24 silly registry.get     'x-cache-hits': '1',
24 silly registry.get     'x-timer': 'S1479296994.405825,VS0,VE0',
24 silly registry.get     vary: 'Accept-Encoding' } ]
25 verbose etag laravel-elixir-webpack-official from cache
26 silly addNameRange number 2 { name: 'laravel-elixir-webpack-official',
26 silly addNameRange   range: '*',
26 silly addNameRange   hasData: true }
27 silly addNameRange versions [ 'laravel-elixir-webpack-official',
27 silly addNameRange   [ '1.0.0',
27 silly addNameRange     '1.0.1',
27 silly addNameRange     '1.0.2',
27 silly addNameRange     '1.0.3',
27 silly addNameRange     '1.0.4',
27 silly addNameRange     '1.0.5',
27 silly addNameRange     '1.0.6',
27 silly addNameRange     '1.0.8',
27 silly addNameRange     '1.0.9' ] ]
28 verbose addNamed [ 'laravel-elixir-webpack-official', '1.0.9' ]
29 verbose addNamed [ '1.0.9', '1.0.9' ]
30 silly lockFile 713b639e-el-elixir-webpack-official-1-0-9 laravel-elixir-webpack-official@1.0.9
31 verbose lock laravel-elixir-webpack-official@1.0.9 /home/mh/.npm/713b639e-el-elixir-webpack-official-1-0-9.lock
32 silly lockFile 713b639e-el-elixir-webpack-official-1-0-9 laravel-elixir-webpack-official@1.0.9
33 silly lockFile 713b639e-el-elixir-webpack-official-1-0-9 laravel-elixir-webpack-official@1.0.9
34 silly lockFile 503608c8-laravel-elixir-webpack-official laravel-elixir-webpack-official@
35 silly lockFile 503608c8-laravel-elixir-webpack-official laravel-elixir-webpack-official@
36 silly resolved [ { name: 'laravel-elixir-webpack-official',
36 silly resolved     version: '1.0.9',
36 silly resolved     description: 'Laravel Elixir Webpack integration',
36 silly resolved     main: 'dist/index.js',
36 silly resolved     repository:
36 silly resolved      { type: 'git',
36 silly resolved        url: 'https://github.com/JeffreyWay/laravel-elixir-webpack-official.git' },
36 silly resolved     homepage: 'https://github.com/JeffreyWay/laravel-elixir-webpack-official',
36 silly resolved     scripts:
36 silly resolved      { compile: 'babel --presets=es2015 -d dist src',
36 silly resolved        prepublish: 'npm run compile' },
36 silly resolved     keywords: [ 'laravel', 'elixir', 'webpack', 'gulp' ],
36 silly resolved     author: { name: 'Jeffrey Way' },
36 silly resolved     license: 'MIT',
36 silly resolved     dependencies:
36 silly resolved      { buble: '^0.12.3',
36 silly resolved        'buble-loader': '^0.2.2',
36 silly resolved        lodash: '^4.15.0',
36 silly resolved        webpack: '2.1.0-beta.15 - 2.1.0-beta.22',
36 silly resolved        'webpack-stream': 'github:jeroennoten/webpack-stream#patch-1' },
36 silly resolved     devDependencies: { 'babel-cli': '^6.10.1', 'babel-preset-es2015': '^6.9.0' },
36 silly resolved     readme: '# Laravel Elixir Webpack Integration\n\nThis extension brings Webpack support to Laravel Elixir, version 6 and up.\n\n## Step 1: Install\n\n```js\nnpm install laravel-elixir-webpack-official --save-dev\n```\n\n## Step 2: Usage\n\nSimilar to Browserify, the `webpack` method may be used to compile and bundle [ECMAScript 2015](https://babeljs.io/docs/learn-es2015/) into plain JavaScript.\nThis function accepts a file, relative to the `resources/assets/js` directory, and generates a single bundled file in the `public/js` directory:\n\n```javascript\nelixir(function(mix) {\n    mix.webpack(\'app.js\');\n});\n```\n\nTo choose a different output or base directory, simply specify your desired paths as the second and third arguments, respectively.\n\n```javascript\nelixir(function(mix) {\n    mix.webpack(\'app.js\', \'public/dist\', \'app/assets/js\');\n});\n```\n\nThis will compile `app/assets/js/app.js` to `public/dist/app.js`.\n\nIf you\'d like to leverage more of Webpack\'s functionality, Elixir will read any `webpack.config.js` file in your project root, and [factor its configuration](https://webpack.github.io/docs/configuration.html) into the build process. Alternatively, you may pass your Webpack-specific configuration as the fourth argument to `mix.webpack()`.\n\n## Step 3: Plugins\n\nIf you\'ve created a plugin, and need to hook your own Webpack config into Elixir\'s defaults, add the following to your script:\n\n```js\nElixir.webpack.mergeConfig({\n    babel: {\n        presets: [\'es2015\'],\n        plugins: [\'transform-runtime\'],\n    },\n    module: {\n        loaders: [{\n            test: /\\.vue$/,\n            loader: \'vue\'\n        }]\n    }\n});\n```\n\n`Elixir.webpack.mergeConfig(newConfig)` will recursively merge your provided configuration with ours. It also properly merges any nested  arrays, so as not to override important default configuration. For example, in the code snippet above, the addition of the Vue loader will not overwrite the default loaders that we provide.',
36 silly resolved     readmeFilename: 'readme.md',
36 silly resolved     bugs: { url: 'https://github.com/JeffreyWay/laravel-elixir-webpack-official/issues' },
36 silly resolved     _id: 'laravel-elixir-webpack-official@1.0.9',
36 silly resolved     _from: 'laravel-elixir-webpack-official@' } ]
37 info install laravel-elixir-webpack-official@1.0.9 into /home/mh/htdocs/phonebook
38 info installOne laravel-elixir-webpack-official@1.0.9
39 info /home/mh/htdocs/phonebook/node_modules/laravel-elixir-webpack-official unbuild
40 verbose tar unpack /home/mh/.npm/laravel-elixir-webpack-official/1.0.9/package.tgz
41 silly lockFile bdfc28fb--laravel-elixir-webpack-official tar:///home/mh/htdocs/phonebook/node_modules/laravel-elixir-webpack-official
42 verbose lock tar:///home/mh/htdocs/phonebook/node_modules/laravel-elixir-webpack-official /home/mh/.npm/bdfc28fb--laravel-elixir-webpack-official.lock
43 silly lockFile 1a876cbf-bpack-official-1-0-9-package-tgz tar:///home/mh/.npm/laravel-elixir-webpack-official/1.0.9/package.tgz
44 verbose lock tar:///home/mh/.npm/laravel-elixir-webpack-official/1.0.9/package.tgz /home/mh/.npm/1a876cbf-bpack-official-1-0-9-package-tgz.lock
45 silly gunzTarPerm modes [ '755', '644' ]
46 silly gunzTarPerm extractEntry package.json
47 silly gunzTarPerm extractEntry .npmignore
48 silly gunzTarPerm extractEntry dist/WebpackTask.js
49 silly gunzTarPerm extractEntry dist/index.js
50 silly gunzTarPerm extractEntry project.sublime-workspace
51 silly gunzTarPerm extractEntry readme.md
52 silly lockFile bdfc28fb--laravel-elixir-webpack-official tar:///home/mh/htdocs/phonebook/node_modules/laravel-elixir-webpack-official
53 silly lockFile bdfc28fb--laravel-elixir-webpack-official tar:///home/mh/htdocs/phonebook/node_modules/laravel-elixir-webpack-official
54 silly lockFile 1a876cbf-bpack-official-1-0-9-package-tgz tar:///home/mh/.npm/laravel-elixir-webpack-official/1.0.9/package.tgz
55 silly lockFile 1a876cbf-bpack-official-1-0-9-package-tgz tar:///home/mh/.npm/laravel-elixir-webpack-official/1.0.9/package.tgz
56 info preinstall laravel-elixir-webpack-official@1.0.9
57 verbose readDependencies using package.json deps
58 verbose readDependencies using package.json deps
59 verbose cache add [ 'buble@^0.12.3', null ]
60 verbose cache add name=undefined spec="buble@^0.12.3" args=["buble@^0.12.3",null]
61 verbose parsed url { protocol: null,
61 verbose parsed url   slashes: null,
61 verbose parsed url   auth: null,
61 verbose parsed url   host: null,
61 verbose parsed url   port: null,
61 verbose parsed url   hostname: null,
61 verbose parsed url   hash: null,
61 verbose parsed url   search: null,
61 verbose parsed url   query: null,
61 verbose parsed url   pathname: 'buble@^0.12.3',
61 verbose parsed url   path: 'buble@^0.12.3',
61 verbose parsed url   href: 'buble@^0.12.3' }
62 verbose cache add name="buble" spec="^0.12.3" args=["buble","^0.12.3"]
63 verbose parsed url { protocol: null,
63 verbose parsed url   slashes: null,
63 verbose parsed url   auth: null,
63 verbose parsed url   host: null,
63 verbose parsed url   port: null,
63 verbose parsed url   hostname: null,
63 verbose parsed url   hash: null,
63 verbose parsed url   search: null,
63 verbose parsed url   query: null,
63 verbose parsed url   pathname: '^0.12.3',
63 verbose parsed url   path: '^0.12.3',
63 verbose parsed url   href: '^0.12.3' }
64 verbose addNamed [ 'buble', '^0.12.3' ]
65 verbose addNamed [ null, '>=0.12.3-0 <0.13.0-0' ]
66 silly lockFile c87ec1a5-buble-0-12-3 buble@^0.12.3
67 verbose lock buble@^0.12.3 /home/mh/.npm/c87ec1a5-buble-0-12-3.lock
68 verbose cache add [ 'buble-loader@^0.2.2', null ]
69 verbose cache add name=undefined spec="buble-loader@^0.2.2" args=["buble-loader@^0.2.2",null]
70 verbose parsed url { protocol: null,
70 verbose parsed url   slashes: null,
70 verbose parsed url   auth: null,
70 verbose parsed url   host: null,
70 verbose parsed url   port: null,
70 verbose parsed url   hostname: null,
70 verbose parsed url   hash: null,
70 verbose parsed url   search: null,
70 verbose parsed url   query: null,
70 verbose parsed url   pathname: 'buble-loader@^0.2.2',
70 verbose parsed url   path: 'buble-loader@^0.2.2',
70 verbose parsed url   href: 'buble-loader@^0.2.2' }
71 verbose cache add name="buble-loader" spec="^0.2.2" args=["buble-loader","^0.2.2"]
72 verbose parsed url { protocol: null,
72 verbose parsed url   slashes: null,
72 verbose parsed url   auth: null,
72 verbose parsed url   host: null,
72 verbose parsed url   port: null,
72 verbose parsed url   hostname: null,
72 verbose parsed url   hash: null,
72 verbose parsed url   search: null,
72 verbose parsed url   query: null,
72 verbose parsed url   pathname: '^0.2.2',
72 verbose parsed url   path: '^0.2.2',
72 verbose parsed url   href: '^0.2.2' }
73 verbose addNamed [ 'buble-loader', '^0.2.2' ]
74 verbose addNamed [ null, '>=0.2.2-0 <0.3.0-0' ]
75 silly lockFile aba3153c-buble-loader-0-2-2 buble-loader@^0.2.2
76 verbose lock buble-loader@^0.2.2 /home/mh/.npm/aba3153c-buble-loader-0-2-2.lock
77 verbose cache add [ 'webpack-stream@github:jeroennoten/webpack-stream#patch-1',
77 verbose cache add   null ]
78 verbose cache add name=undefined spec="webpack-stream@github:jeroennoten/webpack-stream#patch-1" args=["webpack-stream@github:jeroennoten/webpack-stream#patch-1",null]
79 verbose parsed url { protocol: null,
79 verbose parsed url   slashes: null,
79 verbose parsed url   auth: null,
79 verbose parsed url   host: null,
79 verbose parsed url   port: null,
79 verbose parsed url   hostname: null,
79 verbose parsed url   hash: '#patch-1',
79 verbose parsed url   search: null,
79 verbose parsed url   query: null,
79 verbose parsed url   pathname: 'webpack-stream@github:jeroennoten/webpack-stream',
79 verbose parsed url   path: 'webpack-stream@github:jeroennoten/webpack-stream',
79 verbose parsed url   href: 'webpack-stream@github:jeroennoten/webpack-stream#patch-1' }
80 verbose cache add name="webpack-stream" spec="github:jeroennoten/webpack-stream#patch-1" args=["webpack-stream","github:jeroennoten/webpack-stream#patch-1"]
81 verbose parsed url { protocol: 'github:',
81 verbose parsed url   slashes: null,
81 verbose parsed url   auth: null,
81 verbose parsed url   host: 'jeroennoten',
81 verbose parsed url   port: null,
81 verbose parsed url   hostname: 'jeroennoten',
81 verbose parsed url   hash: '#patch-1',
81 verbose parsed url   search: null,
81 verbose parsed url   query: null,
81 verbose parsed url   pathname: '/webpack-stream',
81 verbose parsed url   path: '/webpack-stream',
81 verbose parsed url   href: 'github:jeroennoten/webpack-stream#patch-1' }
82 verbose addNamed [ 'webpack-stream',
82 verbose addNamed   'github:jeroennoten/webpack-stream#patch-1' ]
83 verbose addNamed [ null, null ]
84 silly lockFile 48f7376d-roennoten-webpack-stream-patch-1 webpack-stream@github:jeroennoten/webpack-stream#patch-1
85 verbose lock webpack-stream@github:jeroennoten/webpack-stream#patch-1 /home/mh/.npm/48f7376d-roennoten-webpack-stream-patch-1.lock
86 verbose cache add [ 'webpack@2.1.0-beta.15 - 2.1.0-beta.22', null ]
87 verbose cache add name=undefined spec="webpack@2.1.0-beta.15 - 2.1.0-beta.22" args=["webpack@2.1.0-beta.15 - 2.1.0-beta.22",null]
88 verbose parsed url { protocol: null,
88 verbose parsed url   slashes: null,
88 verbose parsed url   auth: null,
88 verbose parsed url   host: null,
88 verbose parsed url   port: null,
88 verbose parsed url   hostname: null,
88 verbose parsed url   hash: null,
88 verbose parsed url   search: null,
88 verbose parsed url   query: null,
88 verbose parsed url   pathname: 'webpack@2.1.0-beta.15%20-%202.1.0-beta.22',
88 verbose parsed url   path: 'webpack@2.1.0-beta.15%20-%202.1.0-beta.22',
88 verbose parsed url   href: 'webpack@2.1.0-beta.15%20-%202.1.0-beta.22' }
89 verbose cache add name="webpack" spec="2.1.0-beta.15 - 2.1.0-beta.22" args=["webpack","2.1.0-beta.15 - 2.1.0-beta.22"]
90 verbose parsed url { protocol: null,
90 verbose parsed url   slashes: null,
90 verbose parsed url   auth: null,
90 verbose parsed url   host: null,
90 verbose parsed url   port: null,
90 verbose parsed url   hostname: null,
90 verbose parsed url   hash: null,
90 verbose parsed url   search: null,
90 verbose parsed url   query: null,
90 verbose parsed url   pathname: '2.1.0-beta.15%20-%202.1.0-beta.22',
90 verbose parsed url   path: '2.1.0-beta.15%20-%202.1.0-beta.22',
90 verbose parsed url   href: '2.1.0-beta.15%20-%202.1.0-beta.22' }
91 verbose addNamed [ 'webpack', '2.1.0-beta.15 - 2.1.0-beta.22' ]
92 verbose addNamed [ null, '>=2.1.0-beta.15 <=2.1.0--beta.22' ]
93 silly lockFile ac0bcb2f-pack-2-1-0-beta-15-2-1-0-beta-22 webpack@2.1.0-beta.15 - 2.1.0-beta.22
94 verbose lock webpack@2.1.0-beta.15 - 2.1.0-beta.22 /home/mh/.npm/ac0bcb2f-pack-2-1-0-beta-15-2-1-0-beta-22.lock
95 silly addNameRange { name: 'buble', range: '>=0.12.3-0 <0.13.0-0', hasData: false }
96 silly addNameRange { name: 'buble-loader',
96 silly addNameRange   range: '>=0.2.2-0 <0.3.0-0',
96 silly addNameRange   hasData: false }
97 info addNameTag [ 'webpack-stream',
97 info addNameTag   'github:jeroennoten/webpack-stream#patch-1' ]
98 silly addNameRange { name: 'webpack',
98 silly addNameRange   range: '>=2.1.0-beta.15 <=2.1.0--beta.22',
98 silly addNameRange   hasData: false }
99 verbose url raw buble
100 verbose url resolving [ 'https://registry.npmjs.org/', './buble' ]
101 verbose url resolved https://registry.npmjs.org/buble
102 info trying registry request attempt 1 at 12:49:54
103 verbose etag "582ace70-2b55c"
104 http GET https://registry.npmjs.org/buble
105 verbose url raw buble-loader
106 verbose url resolving [ 'https://registry.npmjs.org/', './buble-loader' ]
107 verbose url resolved https://registry.npmjs.org/buble-loader
108 info trying registry request attempt 1 at 12:49:54
109 verbose etag "581da117-28c6"
110 http GET https://registry.npmjs.org/buble-loader
111 verbose url raw webpack-stream
112 verbose url resolving [ 'https://registry.npmjs.org/', './webpack-stream' ]
113 verbose url resolved https://registry.npmjs.org/webpack-stream
114 info trying registry request attempt 1 at 12:49:54
115 verbose etag "582a5bf1-5099"
116 http GET https://registry.npmjs.org/webpack-stream
117 verbose url raw webpack
118 verbose url resolving [ 'https://registry.npmjs.org/', './webpack' ]
119 verbose url resolved https://registry.npmjs.org/webpack
120 info trying registry request attempt 1 at 12:49:54
121 verbose etag "582b5ba8-d2100"
122 http GET https://registry.npmjs.org/webpack
123 http 304 https://registry.npmjs.org/buble
124 silly registry.get cb [ 304,
124 silly registry.get   { date: 'Wed, 16 Nov 2016 11:49:54 GMT',
124 silly registry.get     via: '1.1 varnish',
124 silly registry.get     'cache-control': 'max-age=300',
124 silly registry.get     etag: '"582ace70-2b55c"',
124 silly registry.get     age: '198',
124 silly registry.get     connection: 'keep-alive',
124 silly registry.get     'x-served-by': 'cache-fra1228-FRA',
124 silly registry.get     'x-cache': 'HIT',
124 silly registry.get     'x-cache-hits': '1',
124 silly registry.get     'x-timer': 'S1479296994.622246,VS0,VE1',
124 silly registry.get     vary: 'Accept-Encoding' } ]
125 verbose etag buble from cache
126 http 304 https://registry.npmjs.org/webpack
127 silly registry.get cb [ 304,
127 silly registry.get   { date: 'Wed, 16 Nov 2016 11:49:54 GMT',
127 silly registry.get     via: '1.1 varnish',
127 silly registry.get     'cache-control': 'max-age=300',
127 silly registry.get     etag: '"582b5ba8-d2100"',
127 silly registry.get     age: '17',
127 silly registry.get     connection: 'keep-alive',
127 silly registry.get     'x-served-by': 'cache-fra1240-FRA',
127 silly registry.get     'x-cache': 'HIT',
127 silly registry.get     'x-cache-hits': '1',
127 silly registry.get     'x-timer': 'S1479296994.627738,VS0,VE2',
127 silly registry.get     vary: 'Accept-Encoding' } ]
128 verbose etag webpack from cache
129 http 304 https://registry.npmjs.org/webpack-stream
130 silly registry.get cb [ 304,
130 silly registry.get   { date: 'Wed, 16 Nov 2016 11:49:54 GMT',
130 silly registry.get     via: '1.1 varnish',
130 silly registry.get     'cache-control': 'max-age=300',
130 silly registry.get     etag: '"582a5bf1-5099"',
130 silly registry.get     age: '198',
130 silly registry.get     connection: 'keep-alive',
130 silly registry.get     'x-served-by': 'cache-fra1230-FRA',
130 silly registry.get     'x-cache': 'HIT',
130 silly registry.get     'x-cache-hits': '1',
130 silly registry.get     'x-timer': 'S1479296994.631474,VS0,VE0',
130 silly registry.get     vary: 'Accept-Encoding' } ]
131 verbose etag webpack-stream from cache
132 http 304 https://registry.npmjs.org/buble-loader
133 silly registry.get cb [ 304,
133 silly registry.get   { date: 'Wed, 16 Nov 2016 11:49:54 GMT',
133 silly registry.get     via: '1.1 varnish',
133 silly registry.get     'cache-control': 'max-age=300',
133 silly registry.get     etag: '"581da117-28c6"',
133 silly registry.get     age: '198',
133 silly registry.get     connection: 'keep-alive',
133 silly registry.get     'x-served-by': 'cache-fra1227-FRA',
133 silly registry.get     'x-cache': 'HIT',
133 silly registry.get     'x-cache-hits': '1',
133 silly registry.get     'x-timer': 'S1479296994.639204,VS0,VE0',
133 silly registry.get     vary: 'Accept-Encoding' } ]
134 verbose etag buble-loader from cache
135 silly addNameRange number 2 { name: 'buble', range: '>=0.12.3-0 <0.13.0-0', hasData: true }
136 silly addNameRange versions [ 'buble',
136 silly addNameRange   [ '0.1.0',
136 silly addNameRange     '0.2.0',
136 silly addNameRange     '0.2.1',
136 silly addNameRange     '0.2.2',
136 silly addNameRange     '0.3.0',
136 silly addNameRange     '0.3.1',
136 silly addNameRange     '0.3.2',
136 silly addNameRange     '0.3.3',
136 silly addNameRange     '0.3.4',
136 silly addNameRange     '0.4.0',
136 silly addNameRange     '0.4.1',
136 silly addNameRange     '0.4.2',
136 silly addNameRange     '0.4.3',
136 silly addNameRange     '0.4.4',
136 silly addNameRange     '0.4.5',
136 silly addNameRange     '0.4.6',
136 silly addNameRange     '0.4.7',
136 silly addNameRange     '0.4.8',
136 silly addNameRange     '0.4.9',
136 silly addNameRange     '0.4.10',
136 silly addNameRange     '0.4.11',
136 silly addNameRange     '0.4.12',
136 silly addNameRange     '0.4.13',
136 silly addNameRange     '0.4.14',
136 silly addNameRange     '0.4.15',
136 silly addNameRange     '0.4.16',
136 silly addNameRange     '0.4.17',
136 silly addNameRange     '0.4.18',
136 silly addNameRange     '0.4.20',
136 silly addNameRange     '0.4.21',
136 silly addNameRange     '0.4.22',
136 silly addNameRange     '0.4.23',
136 silly addNameRange     '0.4.24',
136 silly addNameRange     '0.5.0',
136 silly addNameRange     '0.5.1',
136 silly addNameRange     '0.5.2',
136 silly addNameRange     '0.5.3',
136 silly addNameRange     '0.5.4',
136 silly addNameRange     '0.5.5',
136 silly addNameRange     '0.5.6',
136 silly addNameRange     '0.5.7',
136 silly addNameRange     '0.5.8',
136 silly addNameRange     '0.6.0',
136 silly addNameRange     '0.6.1',
136 silly addNameRange     '0.6.2',
136 silly addNameRange     '0.6.3',
136 silly addNameRange     '0.6.4',
136 silly addNameRange     '0.6.5',
136 silly addNameRange     '0.6.6',
136 silly addNameRange     '0.6.7',
136 silly addNameRange     '0.7.0',
136 silly addNameRange     '0.7.1',
136 silly addNameRange     '0.8.0',
136 silly addNameRange     '0.8.1',
136 silly addNameRange     '0.8.2',
136 silly addNameRange     '0.8.3',
136 silly addNameRange     '0.8.4',
136 silly addNameRange     '0.8.5',
136 silly addNameRange     '0.9.0',
136 silly addNameRange     '0.9.1',
136 silly addNameRange     '0.9.2',
136 silly addNameRange     '0.9.3',
136 silly addNameRange     '0.10.0',
136 silly addNameRange     '0.10.1',
136 silly addNameRange     '0.10.2',
136 silly addNameRange     '0.10.3',
136 silly addNameRange     '0.10.4',
136 silly addNameRange     '0.10.5',
136 silly addNameRange     '0.10.6',
136 silly addNameRange     '0.10.7',
136 silly addNameRange     '0.11.0',
136 silly addNameRange     '0.11.1',
136 silly addNameRange     '0.11.2',
136 silly addNameRange     '0.11.3',
136 silly addNameRange     '0.11.4',
136 silly addNameRange     '0.11.5',
136 silly addNameRange     '0.11.6',
136 silly addNameRange     '0.12.0',
136 silly addNameRange     '0.12.1',
136 silly addNameRange     '0.12.2',
136 silly addNameRange     '0.12.3',
136 silly addNameRange     '0.12.4',
136 silly addNameRange     '0.12.5',
136 silly addNameRange     '0.13.0',
136 silly addNameRange     '0.13.1',
136 silly addNameRange     '0.13.2',
136 silly addNameRange     '0.14.0',
136 silly addNameRange     '0.14.1',
136 silly addNameRange     '0.14.2' ] ]
137 verbose addNamed [ 'buble', '0.12.5' ]
138 verbose addNamed [ '0.12.5', '0.12.5' ]
139 silly lockFile e17dd4e4-buble-0-12-5 buble@0.12.5
140 verbose lock buble@0.12.5 /home/mh/.npm/e17dd4e4-buble-0-12-5.lock
141 silly addNameRange number 2 { name: 'webpack',
141 silly addNameRange   range: '>=2.1.0-beta.15 <=2.1.0--beta.22',
141 silly addNameRange   hasData: true }
142 silly addNameRange versions [ 'webpack',
142 silly addNameRange   [ '0.1.0',
142 silly addNameRange     '0.1.1',
142 silly addNameRange     '0.1.2',
142 silly addNameRange     '0.1.3',
142 silly addNameRange     '0.1.4',
142 silly addNameRange     '0.1.5',
142 silly addNameRange     '0.1.6',
142 silly addNameRange     '0.2.0',
142 silly addNameRange     '0.2.1',
142 silly addNameRange     '0.2.2',
142 silly addNameRange     '0.2.3',
142 silly addNameRange     '0.2.4',
142 silly addNameRange     '0.2.6',
142 silly addNameRange     '0.2.7',
142 silly addNameRange     '0.2.8',
142 silly addNameRange     '0.3.0',
142 silly addNameRange     '0.3.1',
142 silly addNameRange     '0.3.2',
142 silly addNameRange     '0.3.3',
142 silly addNameRange     '0.3.4',
142 silly addNameRange     '0.3.6',
142 silly addNameRange     '0.3.7',
142 silly addNameRange     '0.3.8',
142 silly addNameRange     '0.3.9',
142 silly addNameRange     '0.3.10',
142 silly addNameRange     '0.3.11',
142 silly addNameRange     '0.3.12',
142 silly addNameRange     '0.3.13',
142 silly addNameRange     '0.3.14',
142 silly addNameRange     '0.3.15',
142 silly addNameRange     '0.3.16',
142 silly addNameRange     '0.3.17',
142 silly addNameRange     '0.3.18',
142 silly addNameRange     '0.3.19',
142 silly addNameRange     '0.3.20',
142 silly addNameRange     '0.4.0',
142 silly addNameRange     '0.4.1',
142 silly addNameRange     '0.4.2',
142 silly addNameRange     '0.4.3',
142 silly addNameRange     '0.4.4',
142 silly addNameRange     '0.4.5',
142 silly addNameRange     '0.4.6',
142 silly addNameRange     '0.4.7',
142 silly addNameRange     '0.4.8',
142 silly addNameRange     '0.4.9',
142 silly addNameRange     '0.4.10',
142 silly addNameRange     '0.4.11',
142 silly addNameRange     '0.4.12',
142 silly addNameRange     '0.4.13',
142 silly addNameRange     '0.4.14',
142 silly addNameRange     '0.4.15',
142 silly addNameRange     '0.4.16',
142 silly addNameRange     '0.4.17',
142 silly addNameRange     '0.4.18',
142 silly addNameRange     '0.4.19',
142 silly addNameRange     '0.4.20',
142 silly addNameRange     '0.4.21',
142 silly addNameRange     '0.4.23',
142 silly addNameRange     '0.4.24',
142 silly addNameRange     '0.4.25',
142 silly addNameRange     '0.5.0',
142 silly addNameRange     '0.5.1',
142 silly addNameRange     '0.5.2',
142 silly addNameRange     '0.5.3',
142 silly addNameRange     '0.5.4',
142 silly addNameRange     '0.5.5',
142 silly addNameRange     '0.5.6',
142 silly addNameRange     '0.5.7',
142 silly addNameRange     '0.5.8',
142 silly addNameRange     '0.5.10',
142 silly addNameRange     '0.6.0',
142 silly addNameRange     '0.6.1',
142 silly addNameRange     '0.6.2',
142 silly addNameRange     '0.7.0-beta',
142 silly addNameRange     '0.7.0-beta2',
142 silly addNameRange     '0.7.0-beta3',
142 silly addNameRange     '0.7.0-beta4',
142 silly addNameRange     '0.7.0-beta5',
142 silly addNameRange     '0.7.0-beta6',
142 silly addNameRange     '0.7.0-beta7',
142 silly addNameRange     '0.7.0-beta8',
142 silly addNameRange     '0.7.0',
142 silly addNameRange     '0.7.1',
142 silly addNameRange     '0.7.2',
142 silly addNameRange     '0.7.3',
142 silly addNameRange     '0.7.4',
142 silly addNameRange     '0.7.5',
142 silly addNameRange     '0.7.6',
142 silly addNameRange     '0.7.7',
142 silly addNameRange     '0.7.8',
142 silly addNameRange     '0.7.9',
142 silly addNameRange     '0.7.11',
142 silly addNameRange     '0.7.12',
142 silly addNameRange     '0.7.13',
142 silly addNameRange     '0.7.14',
142 silly addNameRange     '0.7.15',
142 silly addNameRange     '0.7.16',
142 silly addNameRange     '0.7.17',
142 silly addNameRange     '0.8.0-beta1',
142 silly addNameRange     '0.8.0-beta2',
142 silly addNameRange     '0.8.0-beta3',
142 silly addNameRange     '0.8.0-beta4',
142 silly addNameRange     '0.8.0',
142 silly addNameRange     '0.8.2',
142 silly addNameRange     '0.8.3',
142 silly addNameRange     '0.9.0-beta1',
142 silly addNameRange     '0.9.0-beta2',
142 silly addNameRange     '0.9.0-beta4',
142 silly addNameRange     '0.9.0-beta5',
142 silly addNameRange     '0.9.0-beta6',
142 silly addNameRange     '0.9.0-beta7',
142 silly addNameRange     '0.9.0-beta8',
142 silly addNameRange     '0.9.0-beta9',
142 silly addNameRange     '0.9.0-beta10',
142 silly addNameRange     '0.9.0-beta11',
142 silly addNameRange     '0.9.0-beta12',
142 silly addNameRange     '0.9.0-beta13',
142 silly addNameRange     '0.9.0-beta14',
142 silly addNameRange     '0.9.0-beta15',
142 silly addNameRange     '0.9.0-beta16',
142 silly addNameRange     '0.9.0-beta17',
142 silly addNameRange     '0.9.0-beta18',
142 silly addNameRange     '0.9.0-beta19',
142 silly addNameRange     '0.9.0-beta20',
142 silly addNameRange     '0.9.0-beta21',
142 silly addNameRange     '0.9.0-beta22',
142 silly addNameRange     '0.9.0-beta23',
142 silly addNameRange     '0.9.0-beta24',
142 silly addNameRange     '0.9.0-beta25',
142 silly addNameRange     '0.9.0-beta26',
142 silly addNameRange     '0.9.0-beta27',
142 silly addNameRange     '0.9.0-beta28',
142 silly addNameRange     '0.9.0-beta29',
142 silly addNameRange     '0.9.0-beta30',
142 silly addNameRange     '0.9.0-beta31',
142 silly addNameRange     '0.9.0-beta32',
142 silly addNameRange     '0.9.0-beta33',
142 silly addNameRange     '0.9.0-beta34',
142 silly addNameRange     '0.9.0-beta35',
142 silly addNameRange     '0.9.0-beta36',
142 silly addNameRange     '0.9.0-beta37',
142 silly addNameRange     '0.9.0-beta38',
142 silly addNameRange     '0.9.0',
142 silly addNameRange     '0.9.1',
142 silly addNameRange     '0.9.2',
142 silly addNameRange     '0.9.3',
142 silly addNameRange     '0.10.0-beta2',
142 silly addNameRange     '0.10.0-beta3',
142 silly addNameRange     '0.10.0-beta5',
142 silly addNameRange     '0.10.0-beta6',
142 silly addNameRange     '0.10.0-beta7',
142 silly addNameRange     '0.10.0-beta8',
142 silly addNameRange     '0.10.0-beta9',
142 silly addNameRange     '0.10.0-beta10',
142 silly addNameRange     '0.10.0-beta11',
142 silly addNameRange     '0.10.0-beta12',
142 silly addNameRange     '0.10.0-beta13',
142 silly addNameRange     '0.10.0-beta14',
142 silly addNameRange     '0.10.0-beta15',
142 silly addNameRange     '0.10.0-beta16',
142 silly addNameRange     '0.10.0-beta17',
142 silly addNameRange     '0.10.0-beta18',
142 silly addNameRange     '0.10.0-beta19',
142 silly addNameRange     '0.10.0-beta20',
142 silly addNameRange     '0.10.0-beta21',
142 silly addNameRange     '0.10.0-beta22',
142 silly addNameRange     '0.10.0-beta23',
142 silly addNameRange     '0.10.0-beta24',
142 silly addNameRange     '0.10.0-beta25',
142 silly addNameRange     '0.10.0',
142 silly addNameRange     '0.11.0-beta1',
142 silly addNameRange     '0.11.0-beta2',
142 silly addNameRange     '0.11.0-beta3',
142 silly addNameRange     '0.11.0-beta4',
142 silly addNameRange     '0.11.0-beta5',
142 silly addNameRange     '0.11.0-beta6',
142 silly addNameRange     '0.11.0-beta7',
142 silly addNameRange     '0.11.0-beta8',
142 silly addNameRange     '0.11.0-beta9',
142 silly addNameRange     '0.11.0-beta10',
142 silly addNameRange     '0.11.0-beta11',
142 silly addNameRange     '0.11.0-beta12',
142 silly addNameRange     '0.11.0-beta13',
142 silly addNameRange     '0.11.0-beta14',
142 silly addNameRange     '0.11.0-beta15',
142 silly addNameRange     '0.11.0-beta16',
142 silly addNameRange     '0.11.0-beta17',
142 silly addNameRange     '0.11.0-beta18',
142 silly addNameRange     '0.11.0-beta19',
142 silly addNameRange     '0.11.0-beta20',
142 silly addNameRange     '0.11.0-beta21',
142 silly addNameRange     '0.11.0-beta22',
142 silly addNameRange     '0.11.0-beta23',
142 silly addNameRange     '0.11.0-beta24',
142 silly addNameRange     '0.11.0-beta25',
142 silly addNameRange     '0.11.0-beta26',
142 silly addNameRange     '0.11.0-beta27',
142 silly addNameRange     '0.11.0-beta28',
142 silly addNameRange     '0.11.0-beta29',
142 silly addNameRange     '0.11.0',
142 silly addNameRange     '0.11.1',
142 silly addNameRange     '0.11.2',
142 silly addNameRange     '0.11.3',
142 silly addNameRange     '0.11.4',
142 silly addNameRange     '0.11.5',
142 silly addNameRange     '0.11.6',
142 silly addNameRange     '0.11.7',
142 silly addNameRange     '0.11.8',
142 silly addNameRange     '0.11.9',
142 silly addNameRange     '0.11.10',
142 silly addNameRange     '0.11.11',
142 silly addNameRange     '0.11.12',
142 silly addNameRange     '0.11.13',
142 silly addNameRange     '0.11.14',
142 silly addNameRange     '0.11.15',
142 silly addNameRange     '1.0.0-beta1',
142 silly addNameRange     '1.0.0-beta2',
142 silly addNameRange     '1.0.0-beta3',
142 silly addNameRange     '1.0.0-beta4',
142 silly addNameRange     '0.11.16',
142 silly addNameRange     '0.11.17',
142 silly addNameRange     '0.11.18',
142 silly addNameRange     '1.0.0-beta5',
142 silly addNameRange     '1.0.0-beta6',
142 silly addNameRange     '1.0.0-beta7',
142 silly addNameRange     '1.0.0-beta8',
142 silly addNameRange     '1.0.0-beta9',
142 silly addNameRange     '1.0.0-rc1',
142 silly addNameRange     '1.0.0-rc2',
142 silly addNameRange     '1.0.0-rc3',
142 silly addNameRange     '1.0.0-rc4',
142 silly addNameRange     '1.0.0-rc5',
142 silly addNameRange     '1.0.0-rc7',
142 silly addNameRange     '1.0.0-rc8',
142 silly addNameRange     '1.0.0-rc9',
142 silly addNameRange     '1.0.0-rc11',
142 silly addNameRange     '1.0.0-rc12',
142 silly addNameRange     '1.0.0',
142 silly addNameRange     '1.0.1',
142 silly addNameRange     '1.0.3',
142 silly addNameRange     '1.0.4',
142 silly addNameRange     '1.0.5',
142 silly addNameRange     '1.1.0-beta1',
142 silly addNameRange     '1.1.0-beta2',
142 silly addNameRange     '1.1.0-beta3',
142 silly addNameRange     '1.1.0-beta4',
142 silly addNameRange     '1.1.0-beta5',
142 silly addNameRange     '1.1.0-beta6',
142 silly addNameRange     '1.1.0-beta7',
142 silly addNameRange     '1.1.0-beta8',
142 silly addNameRange     '1.1.0-beta9',
142 silly addNameRange     '1.1.0-beta10',
142 silly addNameRange     '1.1.0-beta12',
142 silly addNameRange     '1.1.0',
142 silly addNameRange     '1.1.1',
142 silly addNameRange     '1.1.2',
142 silly addNameRange     '1.1.3',
142 silly addNameRange     '1.1.4',
142 silly addNameRange     '1.1.5',
142 silly addNameRange     '1.1.6',
142 silly addNameRange     '1.1.7',
142 silly addNameRange     '1.1.8',
142 silly addNameRange     '1.1.9',
142 silly addNameRange     '1.1.10',
142 silly addNameRange     '1.1.11',
142 silly addNameRange     '1.2.0-beta1',
142 silly addNameRange     '1.2.0-beta2',
142 silly addNameRange     '1.2.0-beta4',
142 silly addNameRange     '1.2.0-beta5',
142 silly addNameRange     '1.2.0-beta6',
142 silly addNameRange     '1.3.0-beta1',
142 silly addNameRange     '1.3.0-beta2',
142 silly addNameRange     '1.3.0-beta3',
142 silly addNameRange     '1.3.0-beta4',
142 silly addNameRange     '1.3.0-beta5',
142 silly addNameRange     '1.3.0-beta6',
142 silly addNameRange     '1.3.0-beta7',
142 silly addNameRange     '1.3.0-beta8',
142 silly addNameRange     '1.3.0-beta9',
142 silly addNameRange     '1.3.1-beta1',
142 silly addNameRange     '1.3.1-beta2',
142 silly addNameRange     '1.3.1-beta3',
142 silly addNameRange     '1.3.1-beta4',
142 silly addNameRange     '1.3.1-beta5',
142 silly addNameRange     '1.3.1-beta6',
142 silly addNameRange     '1.3.1-beta7',
142 silly addNameRange     '1.3.1-beta8',
142 silly addNameRange     '1.3.1-beta9',
142 silly addNameRange     '1.3.2-beta1',
142 silly addNameRange     '1.3.2-beta2',
142 silly addNameRange     '1.3.2-beta3',
142 silly addNameRange     '1.3.2-beta4',
142 silly addNameRange     '1.3.2-beta5',
142 silly addNameRange     '1.3.2-beta6',
142 silly addNameRange     '1.3.2-beta7',
142 silly addNameRange     '1.3.2-beta8',
142 silly addNameRange     '1.3.2-beta9',
142 silly addNameRange     '1.3.3-beta1',
142 silly addNameRange     '1.3.3-beta2',
142 silly addNameRange     '1.3.4',
142 silly addNameRange     '1.3.5',
142 silly addNameRange     '1.3.6',
142 silly addNameRange     '1.3.7',
142 silly addNameRange     '1.4.0-beta1',
142 silly addNameRange     '1.4.0-beta2',
142 silly addNameRange     '1.4.0-beta3',
142 silly addNameRange     '1.4.0-beta4',
142 silly addNameRange     '1.4.0-beta5',
142 silly addNameRange     '1.4.0-beta6',
142 silly addNameRange     '1.4.0-beta7',
142 silly addNameRange     '1.4.0-beta8',
142 silly addNameRange     '1.4.0-beta9',
142 silly addNameRange     '1.4.0-beta10',
142 silly addNameRange     '1.4.1-beta1',
142 silly addNameRange     '1.4.2',
142 silly addNameRange     '1.4.3',
142 silly addNameRange     '1.4.4',
142 silly addNameRange     '1.4.5',
142 silly addNameRange     '1.4.6',
142 silly addNameRange     '1.4.7',
142 silly addNameRange     '1.4.8',
142 silly addNameRange     '1.4.9',
142 silly addNameRange     '1.4.10',
142 silly addNameRange     '1.4.11',
142 silly addNameRange     '1.4.12',
142 silly addNameRange     '1.4.13',
142 silly addNameRange     '1.4.14',
142 silly addNameRange     '1.4.15',
142 silly addNameRange     '1.5.0',
142 silly addNameRange     '1.5.1',
142 silly addNameRange     '1.5.2',
142 silly addNameRange     '1.5.3',
142 silly addNameRange     '1.6.0',
142 silly addNameRange     '1.7.0',
142 silly addNameRange     '1.7.1',
142 silly addNameRange     '1.7.2',
142 silly addNameRange     '1.7.3',
142 silly addNameRange     '1.8.0',
142 silly addNameRange     '1.8.1',
142 silly addNameRange     '1.8.2',
142 silly addNameRange     '1.8.3',
142 silly addNameRange     '1.8.4',
142 silly addNameRange     '1.8.5',
142 silly addNameRange     '1.8.6',
142 silly addNameRange     '1.8.7',
142 silly addNameRange     '1.8.8',
142 silly addNameRange     '1.8.9',
142 silly addNameRange     '1.8.10',
142 silly addNameRange     '1.8.11',
142 silly addNameRange     '1.9.0',
142 silly addNameRange     '1.9.1',
142 silly addNameRange     '1.9.2',
142 silly addNameRange     '1.9.3',
142 silly addNameRange     '1.9.4',
142 silly addNameRange     '1.9.5',
142 silly addNameRange     '1.9.6',
142 silly addNameRange     '1.9.7',
142 silly addNameRange     '1.9.8',
142 silly addNameRange     '1.9.9',
142 silly addNameRange     '1.9.10',
142 silly addNameRange     '1.9.11',
142 silly addNameRange     '1.9.12',
142 silly addNameRange     '1.9.13',
142 silly addNameRange     '1.10.0',
142 silly addNameRange     '1.10.1',
142 silly addNameRange     '1.10.2',
142 silly addNameRange     '1.10.3',
142 silly addNameRange     '1.10.4',
142 silly addNameRange     '1.10.5',
142 silly addNameRange     '1.11.0',
142 silly addNameRange     '1.12.0',
142 silly addNameRange     '1.12.1',
142 silly addNameRange     '1.12.2',
142 silly addNameRange     '2.0.0-beta',
142 silly addNameRange     '1.12.3',
142 silly addNameRange     '1.12.4',
142 silly addNameRange     '1.12.5',
142 silly addNameRange     '1.12.6',
142 silly addNameRange     '1.12.7',
142 silly addNameRange     '1.12.8',
142 silly addNameRange     '1.12.9',
142 silly addNameRange     '2.0.1-beta',
142 silly addNameRange     '2.0.2-beta',
142 silly addNameRange     '1.12.10',
142 silly addNameRange     '1.12.11',
142 silly addNameRange     '2.0.4-beta',
142 silly addNameRange     '1.12.12',
142 silly addNameRange     '2.0.5-beta',
142 silly addNameRange     '2.0.6-beta',
142 silly addNameRange     '2.0.7-beta',
142 silly addNameRange     '1.12.13',
142 silly addNameRange     '2.1.0-beta.0',
142 silly addNameRange     '2.1.0-beta.1',
142 silly addNameRange     '2.1.0-beta.2',
142 silly addNameRange     '1.12.14',
142 silly addNameRange     '2.1.0-beta.3',
142 silly addNameRange     '2.1.0-beta.4',
142 silly addNameRange     '2.1.0-beta.5',
142 silly addNameRange     '1.12.15',
142 silly addNameRange     '1.13.0',
142 silly addNameRange     '2.1.0-beta.6',
142 silly addNameRange     '2.1.0-beta.7',
142 silly addNameRange     '1.13.1',
142 silly addNameRange     '2.1.0-beta.8',
142 silly addNameRange     '2.1.0-beta.9',
142 silly addNameRange     '2.1.0-beta.10',
142 silly addNameRange     '2.1.0-beta.11',
142 silly addNameRange     '2.1.0-beta.12',
142 silly addNameRange     '2.1.0-beta.13',
142 silly addNameRange     '2.1.0-beta.14',
142 silly addNameRange     '2.1.0-beta.15',
142 silly addNameRange     '2.1.0-beta.16',
142 silly addNameRange     '2.1.0-beta.17',
142 silly addNameRange     '2.1.0-beta.18',
142 silly addNameRange     '2.1.0-beta.19',
142 silly addNameRange     '2.1.0-beta.20',
142 silly addNameRange     '2.1.0-beta.21',
142 silly addNameRange     '1.13.2',
142 silly addNameRange     '2.1.0-beta.22',
142 silly addNameRange     '2.1.0-beta.23',
142 silly addNameRange     '2.1.0-beta.24',
142 silly addNameRange     '2.1.0-beta.25',
142 silly addNameRange     '1.13.3',
142 silly addNameRange     '2.1.0-beta.26',
142 silly addNameRange     '2.1.0-beta.27' ] ]
143 silly lockFile ac0bcb2f-pack-2-1-0-beta-15-2-1-0-beta-22 webpack@2.1.0-beta.15 - 2.1.0-beta.22
144 silly lockFile ac0bcb2f-pack-2-1-0-beta-15-2-1-0-beta-22 webpack@2.1.0-beta.15 - 2.1.0-beta.22
145 info maybeGithub Attempting github:jeroennoten/webpack-stream#patch-1 from git://github.com/github:jeroennoten/webpack-stream#patch-1
146 silly lockFile 0afbe261-roennoten-webpack-stream-patch-1 git://github.com/github:jeroennoten/webpack-stream#patch-1
147 verbose lock git://github.com/github:jeroennoten/webpack-stream#patch-1 /home/mh/.npm/0afbe261-roennoten-webpack-stream-patch-1.lock
148 verbose about to build /home/mh/htdocs/phonebook/node_modules/laravel-elixir-webpack-official
149 info /home/mh/htdocs/phonebook/node_modules/laravel-elixir-webpack-official unbuild
150 info preuninstall laravel-elixir-webpack-official@1.0.9
151 silly addNameRange number 2 { name: 'buble-loader',
151 silly addNameRange   range: '>=0.2.2-0 <0.3.0-0',
151 silly addNameRange   hasData: true }
152 silly addNameRange versions [ 'buble-loader',
152 silly addNameRange   [ '0.1.0', '0.2.0', '0.2.1', '0.2.2', '0.3.0', '0.3.1', '0.3.2' ] ]
153 verbose addNamed [ 'buble-loader', '0.2.2' ]
154 verbose addNamed [ '0.2.2', '0.2.2' ]
155 silly lockFile 808f88a0-buble-loader-0-2-2 buble-loader@0.2.2
156 verbose lock buble-loader@0.2.2 /home/mh/.npm/808f88a0-buble-loader-0-2-2.lock
157 info uninstall laravel-elixir-webpack-official@1.0.9
158 verbose true,/home/mh/htdocs/phonebook/node_modules,/home/mh/htdocs/phonebook/node_modules unbuild laravel-elixir-webpack-official@1.0.9
159 info postuninstall laravel-elixir-webpack-official@1.0.9
160 verbose addRemoteGit [ 'git://github.com/github:jeroennoten/webpack-stream',
160 verbose addRemoteGit   'patch-1' ]
161 silly lockFile e17dd4e4-buble-0-12-5 buble@0.12.5
162 silly lockFile e17dd4e4-buble-0-12-5 buble@0.12.5
163 silly lockFile c87ec1a5-buble-0-12-3 buble@^0.12.3
164 silly lockFile c87ec1a5-buble-0-12-3 buble@^0.12.3
165 silly lockFile 808f88a0-buble-loader-0-2-2 buble-loader@0.2.2
166 silly lockFile 808f88a0-buble-loader-0-2-2 buble-loader@0.2.2
167 error notarget No compatible version found: webpack@'>=2.1.0-beta.15 <=2.1.0--beta.22'
167 error notarget Valid install targets:
167 error notarget ["0.1.0","0.1.1","0.1.2","0.1.3","0.1.4","0.1.5","0.1.6","0.2.0","0.2.1","0.2.2","0.2.3","0.2.4","0.2.6","0.2.7","0.2.8","0.3.0","0.3.1","0.3.2","0.3.3","0.3.4","0.3.6","0.3.7","0.3.8","0.3.9","0.3.10","0.3.11","0.3.12","0.3.13","0.3.14","0.3.15","0.3.16","0.3.17","0.3.18","0.3.19","0.3.20","0.4.0","0.4.1","0.4.2","0.4.3","0.4.4","0.4.5","0.4.6","0.4.7","0.4.8","0.4.9","0.4.10","0.4.11","0.4.12","0.4.13","0.4.14","0.4.15","0.4.16","0.4.17","0.4.18","0.4.19","0.4.20","0.4.21","0.4.23","0.4.24","0.4.25","0.5.0","0.5.1","0.5.2","0.5.3","0.5.4","0.5.5","0.5.6","0.5.7","0.5.8","0.5.10","0.6.0","0.6.1","0.6.2","0.7.0-beta","0.7.0-beta2","0.7.0-beta3","0.7.0-beta4","0.7.0-beta5","0.7.0-beta6","0.7.0-beta7","0.7.0-beta8","0.7.0","0.7.1","0.7.2","0.7.3","0.7.4","0.7.5","0.7.6","0.7.7","0.7.8","0.7.9","0.7.11","0.7.12","0.7.13","0.7.14","0.7.15","0.7.16","0.7.17","0.8.0-beta1","0.8.0-beta2","0.8.0-beta3","0.8.0-beta4","0.8.0","0.8.2","0.8.3","0.9.0-beta1","0.9.0-beta2","0.9.0-beta4","0.9.0-beta5","0.9.0-beta6","0.9.0-beta7","0.9.0-beta8","0.9.0-beta9","0.9.0-beta10","0.9.0-beta11","0.9.0-beta12","0.9.0-beta13","0.9.0-beta14","0.9.0-beta15","0.9.0-beta16","0.9.0-beta17","0.9.0-beta18","0.9.0-beta19","0.9.0-beta20","0.9.0-beta21","0.9.0-beta22","0.9.0-beta23","0.9.0-beta24","0.9.0-beta25","0.9.0-beta26","0.9.0-beta27","0.9.0-beta28","0.9.0-beta29","0.9.0-beta30","0.9.0-beta31","0.9.0-beta32","0.9.0-beta33","0.9.0-beta34","0.9.0-beta35","0.9.0-beta36","0.9.0-beta37","0.9.0-beta38","0.9.0","0.9.1","0.9.2","0.9.3","0.10.0-beta2","0.10.0-beta3","0.10.0-beta5","0.10.0-beta6","0.10.0-beta7","0.10.0-beta8","0.10.0-beta9","0.10.0-beta10","0.10.0-beta11","0.10.0-beta12","0.10.0-beta13","0.10.0-beta14","0.10.0-beta15","0.10.0-beta16","0.10.0-beta17","0.10.0-beta18","0.10.0-beta19","0.10.0-beta20","0.10.0-beta21","0.10.0-beta22","0.10.0-beta23","0.10.0-beta24","0.10.0-beta25","0.10.0","0.11.0-beta1","0.11.0-beta2","0.11.0-beta3","0.11.0-beta4","0.11.0-beta5","0.11.0-beta6","0.11.0-beta7","0.11.0-beta8","0.11.0-beta9","0.11.0-beta10","0.11.0-beta11","0.11.0-beta12","0.11.0-beta13","0.11.0-beta14","0.11.0-beta15","0.11.0-beta16","0.11.0-beta17","0.11.0-beta18","0.11.0-beta19","0.11.0-beta20","0.11.0-beta21","0.11.0-beta22","0.11.0-beta23","0.11.0-beta24","0.11.0-beta25","0.11.0-beta26","0.11.0-beta27","0.11.0-beta28","0.11.0-beta29","0.11.0","0.11.1","0.11.2","0.11.3","0.11.4","0.11.5","0.11.6","0.11.7","0.11.8","0.11.9","0.11.10","0.11.11","0.11.12","0.11.13","0.11.14","0.11.15","1.0.0-beta1","1.0.0-beta2","1.0.0-beta3","1.0.0-beta4","0.11.16","0.11.17","0.11.18","1.0.0-beta5","1.0.0-beta6","1.0.0-beta7","1.0.0-beta8","1.0.0-beta9","1.0.0-rc1","1.0.0-rc2","1.0.0-rc3","1.0.0-rc4","1.0.0-rc5","1.0.0-rc7","1.0.0-rc8","1.0.0-rc9","1.0.0-rc11","1.0.0-rc12","1.0.0","1.0.1","1.0.3","1.0.4","1.0.5","1.1.0-beta1","1.1.0-beta2","1.1.0-beta3","1.1.0-beta4","1.1.0-beta5","1.1.0-beta6","1.1.0-beta7","1.1.0-beta8","1.1.0-beta9","1.1.0-beta10","1.1.0-beta12","1.1.0","1.1.1","1.1.2","1.1.3","1.1.4","1.1.5","1.1.6","1.1.7","1.1.8","1.1.9","1.1.10","1.1.11","1.2.0-beta1","1.2.0-beta2","1.2.0-beta4","1.2.0-beta5","1.2.0-beta6","1.3.0-beta1","1.3.0-beta2","1.3.0-beta3","1.3.0-beta4","1.3.0-beta5","1.3.0-beta6","1.3.0-beta7","1.3.0-beta8","1.3.0-beta9","1.3.1-beta1","1.3.1-beta2","1.3.1-beta3","1.3.1-beta4","1.3.1-beta5","1.3.1-beta6","1.3.1-beta7","1.3.1-beta8","1.3.1-beta9","1.3.2-beta1","1.3.2-beta2","1.3.2-beta3","1.3.2-beta4","1.3.2-beta5","1.3.2-beta6","1.3.2-beta7","1.3.2-beta8","1.3.2-beta9","1.3.3-beta1","1.3.3-beta2","1.3.4","1.3.5","1.3.6","1.3.7","1.4.0-beta1","1.4.0-beta2","1.4.0-beta3","1.4.0-beta4","1.4.0-beta5","1.4.0-beta6","1.4.0-beta7","1.4.0-beta8","1.4.0-beta9","1.4.0-beta10","1.4.1-beta1","1.4.2","1.4.3","1.4.4","1.4.5","1.4.6","1.4.7","1.4.8","1.4.9","1.4.10","1.4.11","1.4.12","1.4.13","1.4.14","1.4.15","1.5.0","1.5.1","1.5.2","1.5.3","1.6.0","1.7.0","1.7.1","1.7.2","1.7.3","1.8.0","1.8.1","1.8.2","1.8.3","1.8.4","1.8.5","1.8.6","1.8.7","1.8.8","1.8.9","1.8.10","1.8.11","1.9.0","1.9.1","1.9.2","1.9.3","1.9.4","1.9.5","1.9.6","1.9.7","1.9.8","1.9.9","1.9.10","1.9.11","1.9.12","1.9.13","1.10.0","1.10.1","1.10.2","1.10.3","1.10.4","1.10.5","1.11.0","1.12.0","1.12.1","1.12.2","2.0.0-beta","1.12.3","1.12.4","1.12.5","1.12.6","1.12.7","1.12.8","1.12.9","2.0.1-beta","2.0.2-beta","1.12.10","1.12.11","2.0.4-beta","1.12.12","2.0.5-beta","2.0.6-beta","2.0.7-beta","1.12.13","2.1.0-beta.0","2.1.0-beta.1","2.1.0-beta.2","1.12.14","2.1.0-beta.3","2.1.0-beta.4","2.1.0-beta.5","1.12.15","1.13.0","2.1.0-beta.6","2.1.0-beta.7","1.13.1","2.1.0-beta.8","2.1.0-beta.9","2.1.0-beta.10","2.1.0-beta.11","2.1.0-beta.12","2.1.0-beta.13","2.1.0-beta.14","2.1.0-beta.15","2.1.0-beta.16","2.1.0-beta.17","2.1.0-beta.18","2.1.0-beta.19","2.1.0-beta.20","2.1.0-beta.21","1.13.2","2.1.0-beta.22","2.1.0-beta.23","2.1.0-beta.24","2.1.0-beta.25","1.13.3","2.1.0-beta.26","2.1.0-beta.27"]
167 error notarget
167 error notarget This is most likely not a problem with npm itself.
167 error notarget In most cases you or one of your dependencies are requesting
167 error notarget a package version that doesn't exist.
168 error System Linux 3.16.0-4-amd64
169 error command "/home/mh/local/bin/node" "/home/mh/local/bin/npm" "install" "laravel-elixir-webpack-official" "--save-dev"
170 error cwd /home/mh/htdocs/phonebook
171 error node -v v0.10.24
172 error npm -v 1.3.21
173 error code ETARGET
174 verbose exit [ 1, true ]
